<?xml version="1.0" encoding="UTF-8"?>
<testsuite xmlns:xsi="http://www.w3.org/2001/XMLSchema-instance" xsi:noNamespaceSchemaLocation="https://maven.apache.org/surefire/maven-surefire-plugin/xsd/surefire-test-report-3.0.xsd" version="3.0" name="com.epam.rd.autocode.startegy.cards.CardDealingStrategiesTest" time="0.219" tests="4" errors="0" skipped="0" failures="0">
  <properties>
[...]
</properties>
  <testcase name="texasHoldemCardDealingStrategy" classname="com.epam.rd.autocode.startegy.cards.CardDealingStrategiesTest" time="0.109"/>
  <testcase name="foolCardDealingStrategy" classname="com.epam.rd.autocode.startegy.cards.CardDealingStrategiesTest" time="0"/>
  <testcase name="classicPokerCardDealingStrategy" classname="com.epam.rd.autocode.startegy.cards.CardDealingStrategiesTest" time="0.016"/>
  <testcase name="bridgeCardDealingStrategy" classname="com.epam.rd.autocode.startegy.cards.CardDealingStrategiesTest" time="0"/>
</testsuite>